<?xml version="1.0" encoding="UTF-8"?>
<!-- Generated by org.testng.reporters.JUnitXMLReporter -->
<testsuite ignored="2" hostname="DESKTOP-509QHVL" failures="0" tests="3" name="Test" time="16.634" errors="0" timestamp="2023-02-05T16:35:48 IST">
  <testcase classname="testyantra.JavaScript2Test" name="disableTextField" time="4.703"/>
  <testcase classname="testyantra.JavaScriptClickTest" name="disableButtonClick" time="8.363"/>
  <testcase classname="testyantra.DoubleClick1Test" name="doubleClick" time="3.518"/>
  <testcase classname="testyantra.JavaScriptClickTest" name="demo" time="0.0">
    <ignored/>
  </testcase> <!-- demo -->
  <testcase classname="testyantra.JavaScript2Test" name="example" time="0.0">
    <ignored/>
  </testcase> <!-- example -->
</testsuite> <!-- Test -->
