<?xml version="1.0" encoding="UTF-8"?>
<testng-results ignored="0" total="1" passed="1" failed="0" skipped="0">
  <reporter-output>
  </reporter-output>
  <suite started-at="2023-02-05T16:54:59 IST" name="Default suite" finished-at="2023-02-05T16:55:09 IST" duration-ms="9855">
    <groups>
    </groups>
    <test started-at="2023-02-05T16:54:59 IST" name="Default test" finished-at="2023-02-05T16:55:09 IST" duration-ms="9855">
      <class name="emendation.NotificationPopUp">
        <test-method signature="testCase()[pri:0, instance:emendation.NotificationPopUp@6283d8b8]" started-at="2023-02-05T16:54:59 IST" name="testCase" finished-at="2023-02-05T16:55:09 IST" duration-ms="9791" status="PASS">
          <reporter-output>
          </reporter-output>
        </test-method> <!-- testCase -->
      </class> <!-- emendation.NotificationPopUp -->
    </test> <!-- Default test -->
  </suite> <!-- Default suite -->
</testng-results>
